{"D:\\dev\\New-Projects\\FE_UI_Test\\src\\App.tsx": {"path":"D:\\dev\\New-Projects\\FE_UI_Test\\src\\App.tsx","all":true,"statementMap":{"0":{"start":{"line":1,"column":0},"end":{"line":1,"column":68}},"1":{"start":{"line":2,"column":0},"end":{"line":2,"column":40}},"2":{"start":{"line":3,"column":0},"end":{"line":3,"column":33}},"3":{"start":{"line":4,"column":0},"end":{"line":4,"column":41}},"4":{"start":{"line":5,"column":0},"end":{"line":5,"column":59}},"6":{"start":{"line":7,"column":0},"end":{"line":7,"column":18}},"7":{"start":{"line":8,"column":0},"end":{"line":8,"column":40}},"8":{"start":{"line":9,"column":0},"end":{"line":9,"column":80}},"10":{"start":{"line":11,"column":0},"end":{"line":11,"column":16}},"12":{"start":{"line":13,"column":0},"end":{"line":13,"column":79}},"13":{"start":{"line":14,"column":0},"end":{"line":14,"column":77}},"15":{"start":{"line":16,"column":0},"end":{"line":16,"column":49}},"16":{"start":{"line":17,"column":0},"end":{"line":17,"column":5}},"17":{"start":{"line":18,"column":0},"end":{"line":18,"column":25}},"18":{"start":{"line":19,"column":0},"end":{"line":19,"column":21}},"19":{"start":{"line":20,"column":0},"end":{"line":20,"column":6}},"20":{"start":{"line":21,"column":0},"end":{"line":21,"column":5}},"21":{"start":{"line":22,"column":0},"end":{"line":22,"column":27}},"22":{"start":{"line":23,"column":0},"end":{"line":23,"column":22}},"23":{"start":{"line":24,"column":0},"end":{"line":24,"column":6}},"24":{"start":{"line":25,"column":0},"end":{"line":25,"column":5}},"25":{"start":{"line":26,"column":0},"end":{"line":26,"column":25}},"26":{"start":{"line":27,"column":0},"end":{"line":27,"column":22}},"27":{"start":{"line":28,"column":0},"end":{"line":28,"column":6}},"28":{"start":{"line":29,"column":0},"end":{"line":29,"column":5}},"29":{"start":{"line":30,"column":0},"end":{"line":30,"column":27}},"30":{"start":{"line":31,"column":0},"end":{"line":31,"column":22}},"31":{"start":{"line":32,"column":0},"end":{"line":32,"column":20}},"32":{"start":{"line":33,"column":0},"end":{"line":33,"column":35}},"33":{"start":{"line":34,"column":0},"end":{"line":34,"column":8}},"34":{"start":{"line":35,"column":0},"end":{"line":35,"column":23}},"35":{"start":{"line":36,"column":0},"end":{"line":36,"column":28}},"36":{"start":{"line":37,"column":0},"end":{"line":37,"column":7}},"37":{"start":{"line":38,"column":0},"end":{"line":38,"column":5}},"38":{"start":{"line":39,"column":0},"end":{"line":39,"column":4}},"40":{"start":{"line":41,"column":0},"end":{"line":41,"column":57}},"41":{"start":{"line":42,"column":0},"end":{"line":42,"column":32}},"42":{"start":{"line":43,"column":0},"end":{"line":43,"column":35}},"43":{"start":{"line":44,"column":0},"end":{"line":44,"column":3}},"45":{"start":{"line":46,"column":0},"end":{"line":46,"column":10}},"46":{"start":{"line":47,"column":0},"end":{"line":47,"column":6}},"47":{"start":{"line":48,"column":0},"end":{"line":48,"column":34}},"48":{"start":{"line":49,"column":0},"end":{"line":49,"column":15}},"49":{"start":{"line":50,"column":0},"end":{"line":50,"column":38}},"50":{"start":{"line":51,"column":0},"end":{"line":51,"column":23}},"51":{"start":{"line":52,"column":0},"end":{"line":52,"column":23}},"52":{"start":{"line":53,"column":0},"end":{"line":53,"column":65}},"53":{"start":{"line":54,"column":0},"end":{"line":54,"column":44}},"54":{"start":{"line":55,"column":0},"end":{"line":55,"column":38}},"55":{"start":{"line":56,"column":0},"end":{"line":56,"column":8}},"57":{"start":{"line":58,"column":0},"end":{"line":58,"column":31}},"58":{"start":{"line":59,"column":0},"end":{"line":59,"column":23}},"59":{"start":{"line":60,"column":0},"end":{"line":60,"column":132}},"60":{"start":{"line":61,"column":0},"end":{"line":61,"column":25}},"61":{"start":{"line":62,"column":0},"end":{"line":62,"column":11}},"64":{"start":{"line":65,"column":0},"end":{"line":65,"column":7}},"66":{"start":{"line":67,"column":0},"end":{"line":67,"column":1}},"68":{"start":{"line":69,"column":0},"end":{"line":69,"column":19}}},"s":{"0":0,"1":0,"2":0,"3":0,"4":0,"6":0,"7":0,"8":0,"10":0,"12":0,"13":0,"15":0,"16":0,"17":0,"18":0,"19":0,"20":0,"21":0,"22":0,"23":0,"24":0,"25":0,"26":0,"27":0,"28":0,"29":0,"30":0,"31":0,"32":0,"33":0,"34":0,"35":0,"36":0,"37":0,"38":0,"40":0,"41":0,"42":0,"43":0,"45":0,"46":0,"47":0,"48":0,"49":0,"50":0,"51":0,"52":0,"53":0,"54":0,"55":0,"57":0,"58":0,"59":0,"60":0,"61":0,"64":0,"66":0,"68":0},"branchMap":{"0":{"type":"branch","line":1,"loc":{"start":{"line":1,"column":1797},"end":{"line":69,"column":19}},"locations":[{"start":{"line":1,"column":1797},"end":{"line":69,"column":19}}]}},"b":{"0":[0]},"fnMap":{"0":{"name":"(empty-report)","decl":{"start":{"line":1,"column":1797},"end":{"line":69,"column":19}},"loc":{"start":{"line":1,"column":1797},"end":{"line":69,"column":19}},"line":1}},"f":{"0":0}}
,"D:\\dev\\New-Projects\\FE_UI_Test\\src\\main.tsx": {"path":"D:\\dev\\New-Projects\\FE_UI_Test\\src\\main.tsx","all":true,"statementMap":{"0":{"start":{"line":1,"column":0},"end":{"line":1,"column":34}},"1":{"start":{"line":2,"column":0},"end":{"line":2,"column":45}},"2":{"start":{"line":3,"column":0},"end":{"line":3,"column":20}},"3":{"start":{"line":4,"column":0},"end":{"line":4,"column":27}},"5":{"start":{"line":6,"column":0},"end":{"line":6,"column":52}},"6":{"start":{"line":7,"column":0},"end":{"line":7,"column":14}},"7":{"start":{"line":8,"column":0},"end":{"line":8,"column":11}},"8":{"start":{"line":9,"column":0},"end":{"line":9,"column":16}},"9":{"start":{"line":10,"column":0},"end":{"line":10,"column":1}}},"s":{"0":0,"1":0,"2":0,"3":0,"5":0,"6":0,"7":0,"8":0,"9":0},"branchMap":{"0":{"type":"branch","line":1,"loc":{"start":{"line":1,"column":203},"end":{"line":10,"column":-148}},"locations":[{"start":{"line":1,"column":203},"end":{"line":10,"column":-148}}]}},"b":{"0":[0]},"fnMap":{"0":{"name":"(empty-report)","decl":{"start":{"line":1,"column":203},"end":{"line":10,"column":-148}},"loc":{"start":{"line":1,"column":203},"end":{"line":10,"column":-148}},"line":1}},"f":{"0":0}}
,"D:\\dev\\New-Projects\\FE_UI_Test\\src\\components\\atoms\\Checkbox\\Checkbox.tsx": {"path":"D:\\dev\\New-Projects\\FE_UI_Test\\src\\components\\atoms\\Checkbox\\Checkbox.tsx","all":false,"statementMap":{"2":{"start":{"line":3,"column":0},"end":{"line":3,"column":43}},"10":{"start":{"line":11,"column":0},"end":{"line":11,"column":65}},"12":{"start":{"line":13,"column":0},"end":{"line":13,"column":12}},"14":{"start":{"line":15,"column":0},"end":{"line":15,"column":16}},"15":{"start":{"line":16,"column":0},"end":{"line":16,"column":25}},"16":{"start":{"line":17,"column":0},"end":{"line":17,"column":47}},"17":{"start":{"line":18,"column":0},"end":{"line":18,"column":31}},"18":{"start":{"line":19,"column":0},"end":{"line":19,"column":54}},"19":{"start":{"line":20,"column":0},"end":{"line":20,"column":84}},"21":{"start":{"line":22,"column":0},"end":{"line":22,"column":40}},"22":{"start":{"line":23,"column":0},"end":{"line":23,"column":38}},"23":{"start":{"line":24,"column":0},"end":{"line":24,"column":42}},"24":{"start":{"line":25,"column":0},"end":{"line":25,"column":17}},"27":{"start":{"line":28,"column":0},"end":{"line":28,"column":1}}},"s":{"2":1,"10":1,"12":27,"14":27,"15":27,"16":27,"17":27,"18":27,"19":27,"21":27,"22":27,"23":27,"24":27,"27":27},"branchMap":{"0":{"type":"branch","line":11,"loc":{"start":{"line":11,"column":24},"end":{"line":28,"column":1}},"locations":[{"start":{"line":11,"column":24},"end":{"line":28,"column":1}}]},"1":{"type":"branch","line":20,"loc":{"start":{"line":20,"column":45},"end":{"line":20,"column":71}},"locations":[{"start":{"line":20,"column":45},"end":{"line":20,"column":71}}]},"2":{"type":"branch","line":20,"loc":{"start":{"line":20,"column":59},"end":{"line":20,"column":80}},"locations":[{"start":{"line":20,"column":59},"end":{"line":20,"column":80}}]},"3":{"type":"branch","line":22,"loc":{"start":{"line":22,"column":23},"end":{"line":22,"column":40}},"locations":[{"start":{"line":22,"column":23},"end":{"line":22,"column":40}}]},"4":{"type":"branch","line":23,"loc":{"start":{"line":23,"column":23},"end":{"line":23,"column":38}},"locations":[{"start":{"line":23,"column":23},"end":{"line":23,"column":38}}]},"5":{"type":"branch","line":24,"loc":{"start":{"line":24,"column":23},"end":{"line":24,"column":42}},"locations":[{"start":{"line":24,"column":23},"end":{"line":24,"column":42}}]}},"b":{"0":[27],"1":[15],"2":[12],"3":[3],"4":[9],"5":[15]},"fnMap":{"0":{"name":"Checkbox","decl":{"start":{"line":11,"column":24},"end":{"line":28,"column":1}},"loc":{"start":{"line":11,"column":24},"end":{"line":28,"column":1}},"line":11}},"f":{"0":27}}
,"D:\\dev\\New-Projects\\FE_UI_Test\\src\\components\\atoms\\DataRow\\DataRow.tsx": {"path":"D:\\dev\\New-Projects\\FE_UI_Test\\src\\components\\atoms\\DataRow\\DataRow.tsx","all":false,"statementMap":{"1":{"start":{"line":2,"column":0},"end":{"line":2,"column":42}},"11":{"start":{"line":12,"column":0},"end":{"line":12,"column":68}},"12":{"start":{"line":13,"column":0},"end":{"line":13,"column":12}},"13":{"start":{"line":14,"column":0},"end":{"line":14,"column":15}},"14":{"start":{"line":15,"column":0},"end":{"line":15,"column":13}},"15":{"start":{"line":16,"column":0},"end":{"line":16,"column":16}},"16":{"start":{"line":17,"column":0},"end":{"line":17,"column":21}},"17":{"start":{"line":18,"column":0},"end":{"line":18,"column":24}},"19":{"start":{"line":20,"column":0},"end":{"line":20,"column":12}},"20":{"start":{"line":21,"column":0},"end":{"line":21,"column":59}},"22":{"start":{"line":23,"column":0},"end":{"line":23,"column":31}},"23":{"start":{"line":24,"column":0},"end":{"line":24,"column":22}},"24":{"start":{"line":25,"column":0},"end":{"line":25,"column":35}},"25":{"start":{"line":26,"column":0},"end":{"line":26,"column":75}},"26":{"start":{"line":27,"column":0},"end":{"line":27,"column":38}},"27":{"start":{"line":28,"column":0},"end":{"line":28,"column":71}},"28":{"start":{"line":29,"column":0},"end":{"line":29,"column":18}},"29":{"start":{"line":30,"column":0},"end":{"line":30,"column":20}},"31":{"start":{"line":32,"column":0},"end":{"line":32,"column":51}},"32":{"start":{"line":33,"column":0},"end":{"line":33,"column":19}},"33":{"start":{"line":34,"column":0},"end":{"line":34,"column":46}},"34":{"start":{"line":35,"column":0},"end":{"line":35,"column":57}},"37":{"start":{"line":38,"column":0},"end":{"line":38,"column":51}},"38":{"start":{"line":39,"column":0},"end":{"line":39,"column":29}},"39":{"start":{"line":40,"column":0},"end":{"line":40,"column":58}},"40":{"start":{"line":41,"column":0},"end":{"line":41,"column":62}},"41":{"start":{"line":42,"column":0},"end":{"line":42,"column":113}},"42":{"start":{"line":43,"column":0},"end":{"line":43,"column":31}},"44":{"start":{"line":45,"column":0},"end":{"line":45,"column":51}},"45":{"start":{"line":46,"column":0},"end":{"line":46,"column":21}},"46":{"start":{"line":47,"column":0},"end":{"line":47,"column":15}},"47":{"start":{"line":48,"column":0},"end":{"line":48,"column":13}},"49":{"start":{"line":50,"column":0},"end":{"line":50,"column":1}}},"s":{"1":1,"11":1,"12":74,"13":74,"14":74,"15":74,"16":74,"17":74,"19":74,"20":74,"22":74,"23":74,"24":74,"25":74,"26":74,"27":74,"28":74,"29":74,"31":74,"32":218,"33":218,"34":218,"37":218,"38":2,"39":2,"40":2,"41":2,"42":2,"44":218,"45":218,"46":74,"47":74,"49":74},"branchMap":{"0":{"type":"branch","line":12,"loc":{"start":{"line":12,"column":23},"end":{"line":50,"column":1}},"locations":[{"start":{"line":12,"column":23},"end":{"line":50,"column":1}}]},"1":{"type":"branch","line":21,"loc":{"start":{"line":21,"column":23},"end":{"line":21,"column":55}},"locations":[{"start":{"line":21,"column":23},"end":{"line":21,"column":55}}]},"2":{"type":"branch","line":21,"loc":{"start":{"line":21,"column":41},"end":{"line":21,"column":59}},"locations":[{"start":{"line":21,"column":41},"end":{"line":21,"column":59}}]},"3":{"type":"branch","line":26,"loc":{"start":{"line":26,"column":30},"end":{"line":26,"column":75}},"locations":[{"start":{"line":26,"column":30},"end":{"line":26,"column":75}}]},"4":{"type":"branch","line":32,"loc":{"start":{"line":32,"column":28},"end":{"line":46,"column":21}},"locations":[{"start":{"line":32,"column":28},"end":{"line":46,"column":21}}]},"5":{"type":"branch","line":38,"loc":{"start":{"line":38,"column":34},"end":{"line":43,"column":31}},"locations":[{"start":{"line":38,"column":34},"end":{"line":43,"column":31}}]}},"b":{"0":[74],"1":[17],"2":[57],"3":[10],"4":[218],"5":[2]},"fnMap":{"0":{"name":"DataRow","decl":{"start":{"line":12,"column":23},"end":{"line":50,"column":1}},"loc":{"start":{"line":12,"column":23},"end":{"line":50,"column":1}},"line":12},"1":{"name":"onChange","decl":{"start":{"line":26,"column":30},"end":{"line":26,"column":75}},"loc":{"start":{"line":26,"column":30},"end":{"line":26,"column":75}},"line":26}},"f":{"0":74,"1":10}}
,"D:\\dev\\New-Projects\\FE_UI_Test\\src\\components\\molecules\\DownloadList\\DownloadList.tsx": {"path":"D:\\dev\\New-Projects\\FE_UI_Test\\src\\components\\molecules\\DownloadList\\DownloadList.tsx","all":true,"statementMap":{"1":{"start":{"line":2,"column":0},"end":{"line":2,"column":61}},"8":{"start":{"line":9,"column":0},"end":{"line":9,"column":67}},"10":{"start":{"line":11,"column":0},"end":{"line":11,"column":83}},"11":{"start":{"line":12,"column":0},"end":{"line":12,"column":50}},"12":{"start":{"line":13,"column":0},"end":{"line":13,"column":9}},"13":{"start":{"line":14,"column":0},"end":{"line":14,"column":31}},"14":{"start":{"line":15,"column":0},"end":{"line":15,"column":27}},"15":{"start":{"line":16,"column":0},"end":{"line":16,"column":10}},"16":{"start":{"line":17,"column":0},"end":{"line":17,"column":9}},"17":{"start":{"line":18,"column":0},"end":{"line":18,"column":33}},"18":{"start":{"line":19,"column":0},"end":{"line":19,"column":28}},"19":{"start":{"line":20,"column":0},"end":{"line":20,"column":9}},"20":{"start":{"line":21,"column":0},"end":{"line":21,"column":6}},"22":{"start":{"line":23,"column":0},"end":{"line":23,"column":36}},"23":{"start":{"line":24,"column":0},"end":{"line":24,"column":16}},"24":{"start":{"line":25,"column":0},"end":{"line":25,"column":103}},"26":{"start":{"line":27,"column":0},"end":{"line":27,"column":5}},"28":{"start":{"line":29,"column":0},"end":{"line":29,"column":12}},"29":{"start":{"line":30,"column":0},"end":{"line":30,"column":101}},"31":{"start":{"line":32,"column":0},"end":{"line":32,"column":1}}},"s":{"1":0,"8":0,"10":0,"11":0,"12":0,"13":0,"14":0,"15":0,"16":0,"17":0,"18":0,"19":0,"20":0,"22":0,"23":0,"24":0,"26":0,"28":0,"29":0,"31":0},"branchMap":{"0":{"type":"branch","line":1,"loc":{"start":{"line":1,"column":903},"end":{"line":32,"column":1}},"locations":[{"start":{"line":1,"column":903},"end":{"line":32,"column":1}}]}},"b":{"0":[1]},"fnMap":{"0":{"name":"(empty-report)","decl":{"start":{"line":1,"column":903},"end":{"line":32,"column":1}},"loc":{"start":{"line":1,"column":903},"end":{"line":32,"column":1}},"line":1}},"f":{"0":1}}
,"D:\\dev\\New-Projects\\FE_UI_Test\\src\\components\\molecules\\Modal\\Modal.tsx": {"path":"D:\\dev\\New-Projects\\FE_UI_Test\\src\\components\\molecules\\Modal\\Modal.tsx","all":true,"statementMap":{"0":{"start":{"line":1,"column":0},"end":{"line":1,"column":58}},"1":{"start":{"line":2,"column":0},"end":{"line":2,"column":40}},"8":{"start":{"line":9,"column":0},"end":{"line":9,"column":61}},"10":{"start":{"line":11,"column":0},"end":{"line":11,"column":58}},"13":{"start":{"line":14,"column":0},"end":{"line":14,"column":21}},"15":{"start":{"line":16,"column":0},"end":{"line":16,"column":39}},"17":{"start":{"line":18,"column":0},"end":{"line":18,"column":61}},"18":{"start":{"line":19,"column":0},"end":{"line":19,"column":41}},"19":{"start":{"line":20,"column":0},"end":{"line":20,"column":26}},"20":{"start":{"line":21,"column":0},"end":{"line":21,"column":13}},"21":{"start":{"line":22,"column":0},"end":{"line":22,"column":9}},"23":{"start":{"line":24,"column":0},"end":{"line":24,"column":64}},"26":{"start":{"line":27,"column":0},"end":{"line":27,"column":22}},"27":{"start":{"line":28,"column":0},"end":{"line":28,"column":71}},"28":{"start":{"line":29,"column":0},"end":{"line":29,"column":9}},"30":{"start":{"line":31,"column":0},"end":{"line":31,"column":17}},"32":{"start":{"line":33,"column":0},"end":{"line":33,"column":12}},"33":{"start":{"line":34,"column":0},"end":{"line":34,"column":45}},"34":{"start":{"line":35,"column":0},"end":{"line":35,"column":72}},"35":{"start":{"line":36,"column":0},"end":{"line":36,"column":102}},"36":{"start":{"line":37,"column":0},"end":{"line":37,"column":26}},"37":{"start":{"line":38,"column":0},"end":{"line":38,"column":21}},"38":{"start":{"line":39,"column":0},"end":{"line":39,"column":14}},"40":{"start":{"line":41,"column":0},"end":{"line":41,"column":1}}},"s":{"0":0,"1":0,"8":0,"10":0,"13":0,"15":0,"17":0,"18":0,"19":0,"20":0,"21":0,"23":0,"26":0,"27":0,"28":0,"30":0,"32":0,"33":0,"34":0,"35":0,"36":0,"37":0,"38":0,"40":0},"branchMap":{"0":{"type":"branch","line":1,"loc":{"start":{"line":1,"column":1136},"end":{"line":41,"column":1}},"locations":[{"start":{"line":1,"column":1136},"end":{"line":41,"column":1}}]}},"b":{"0":[0]},"fnMap":{"0":{"name":"(empty-report)","decl":{"start":{"line":1,"column":1136},"end":{"line":41,"column":1}},"loc":{"start":{"line":1,"column":1136},"end":{"line":41,"column":1}},"line":1}},"f":{"0":0}}
,"D:\\dev\\New-Projects\\FE_UI_Test\\src\\components\\organisms\\DataGrid\\DataGrid.tsx": {"path":"D:\\dev\\New-Projects\\FE_UI_Test\\src\\components\\organisms\\DataGrid\\DataGrid.tsx","all":false,"statementMap":{"0":{"start":{"line":1,"column":0},"end":{"line":1,"column":43}},"1":{"start":{"line":2,"column":0},"end":{"line":2,"column":53}},"3":{"start":{"line":4,"column":0},"end":{"line":4,"column":57}},"4":{"start":{"line":5,"column":0},"end":{"line":5,"column":43}},"18":{"start":{"line":19,"column":0},"end":{"line":19,"column":68}},"19":{"start":{"line":20,"column":0},"end":{"line":20,"column":5}},"20":{"start":{"line":21,"column":0},"end":{"line":21,"column":19}},"21":{"start":{"line":22,"column":0},"end":{"line":22,"column":13}},"22":{"start":{"line":23,"column":0},"end":{"line":23,"column":17}},"23":{"start":{"line":24,"column":0},"end":{"line":24,"column":20}},"24":{"start":{"line":25,"column":0},"end":{"line":25,"column":24}},"25":{"start":{"line":26,"column":0},"end":{"line":26,"column":25}},"26":{"start":{"line":27,"column":0},"end":{"line":27,"column":28}},"27":{"start":{"line":28,"column":0},"end":{"line":28,"column":15}},"28":{"start":{"line":29,"column":0},"end":{"line":29,"column":13}},"29":{"start":{"line":30,"column":0},"end":{"line":30,"column":29}},"32":{"start":{"line":33,"column":0},"end":{"line":33,"column":65}},"35":{"start":{"line":36,"column":0},"end":{"line":36,"column":91}},"38":{"start":{"line":39,"column":0},"end":{"line":39,"column":47}},"39":{"start":{"line":40,"column":0},"end":{"line":40,"column":16}},"40":{"start":{"line":41,"column":0},"end":{"line":41,"column":88}},"42":{"start":{"line":43,"column":0},"end":{"line":43,"column":5}},"45":{"start":{"line":46,"column":0},"end":{"line":46,"column":37}},"46":{"start":{"line":47,"column":0},"end":{"line":47,"column":16}},"47":{"start":{"line":48,"column":0},"end":{"line":48,"column":61}},"49":{"start":{"line":50,"column":0},"end":{"line":50,"column":5}},"52":{"start":{"line":53,"column":0},"end":{"line":53,"column":52}},"54":{"start":{"line":55,"column":0},"end":{"line":55,"column":45}},"55":{"start":{"line":56,"column":0},"end":{"line":56,"column":35}},"56":{"start":{"line":57,"column":0},"end":{"line":57,"column":76}},"57":{"start":{"line":58,"column":0},"end":{"line":58,"column":33}},"58":{"start":{"line":59,"column":0},"end":{"line":59,"column":5}},"61":{"start":{"line":62,"column":0},"end":{"line":62,"column":41}},"62":{"start":{"line":63,"column":0},"end":{"line":63,"column":48}},"63":{"start":{"line":64,"column":0},"end":{"line":64,"column":85}},"64":{"start":{"line":65,"column":0},"end":{"line":65,"column":38}},"65":{"start":{"line":66,"column":0},"end":{"line":66,"column":16}},"66":{"start":{"line":67,"column":0},"end":{"line":67,"column":31}},"67":{"start":{"line":68,"column":0},"end":{"line":68,"column":9}},"68":{"start":{"line":69,"column":0},"end":{"line":69,"column":5}},"71":{"start":{"line":72,"column":0},"end":{"line":72,"column":66}},"72":{"start":{"line":73,"column":0},"end":{"line":73,"column":22}},"73":{"start":{"line":74,"column":0},"end":{"line":74,"column":45}},"75":{"start":{"line":76,"column":0},"end":{"line":76,"column":61}},"76":{"start":{"line":77,"column":0},"end":{"line":77,"column":16}},"77":{"start":{"line":78,"column":0},"end":{"line":78,"column":99}},"78":{"start":{"line":79,"column":0},"end":{"line":79,"column":9}},"79":{"start":{"line":80,"column":0},"end":{"line":80,"column":5}},"81":{"start":{"line":82,"column":0},"end":{"line":82,"column":12}},"82":{"start":{"line":83,"column":0},"end":{"line":83,"column":81}},"85":{"start":{"line":86,"column":0},"end":{"line":86,"column":31}},"86":{"start":{"line":87,"column":0},"end":{"line":87,"column":52}},"87":{"start":{"line":88,"column":0},"end":{"line":88,"column":88}},"88":{"start":{"line":89,"column":0},"end":{"line":89,"column":146}},"89":{"start":{"line":90,"column":0},"end":{"line":90,"column":37}},"90":{"start":{"line":91,"column":0},"end":{"line":91,"column":103}},"91":{"start":{"line":92,"column":0},"end":{"line":92,"column":107}},"92":{"start":{"line":93,"column":0},"end":{"line":93,"column":46}},"93":{"start":{"line":94,"column":0},"end":{"line":94,"column":33}},"95":{"start":{"line":96,"column":0},"end":{"line":96,"column":22}},"97":{"start":{"line":98,"column":0},"end":{"line":98,"column":101}},"98":{"start":{"line":99,"column":0},"end":{"line":99,"column":23}},"99":{"start":{"line":100,"column":0},"end":{"line":100,"column":27}},"100":{"start":{"line":101,"column":0},"end":{"line":101,"column":28}},"101":{"start":{"line":102,"column":0},"end":{"line":102,"column":61}},"103":{"start":{"line":104,"column":0},"end":{"line":104,"column":67}},"104":{"start":{"line":105,"column":0},"end":{"line":105,"column":102}},"105":{"start":{"line":106,"column":0},"end":{"line":106,"column":34}},"107":{"start":{"line":108,"column":0},"end":{"line":108,"column":29}},"108":{"start":{"line":109,"column":0},"end":{"line":109,"column":28}},"109":{"start":{"line":110,"column":0},"end":{"line":110,"column":27}},"111":{"start":{"line":112,"column":0},"end":{"line":112,"column":58}},"112":{"start":{"line":113,"column":0},"end":{"line":113,"column":40}},"113":{"start":{"line":114,"column":0},"end":{"line":114,"column":73}},"114":{"start":{"line":115,"column":0},"end":{"line":115,"column":109}},"115":{"start":{"line":116,"column":0},"end":{"line":116,"column":53}},"116":{"start":{"line":117,"column":0},"end":{"line":117,"column":59}},"117":{"start":{"line":118,"column":0},"end":{"line":118,"column":94}},"118":{"start":{"line":119,"column":0},"end":{"line":119,"column":61}},"119":{"start":{"line":120,"column":0},"end":{"line":120,"column":34}},"120":{"start":{"line":121,"column":0},"end":{"line":121,"column":30}},"122":{"start":{"line":123,"column":0},"end":{"line":123,"column":28}},"123":{"start":{"line":124,"column":0},"end":{"line":124,"column":24}},"124":{"start":{"line":125,"column":0},"end":{"line":125,"column":18}},"125":{"start":{"line":126,"column":0},"end":{"line":126,"column":14}},"127":{"start":{"line":128,"column":0},"end":{"line":128,"column":1}}},"s":{"0":1,"1":1,"3":1,"4":1,"18":1,"19":26,"20":26,"21":26,"22":26,"23":26,"24":26,"25":26,"26":26,"27":26,"28":26,"29":26,"32":26,"35":26,"38":26,"39":1,"40":1,"42":1,"45":26,"46":1,"47":1,"49":1,"52":24,"54":26,"55":2,"56":26,"57":8,"58":8,"61":24,"62":2,"63":2,"64":1,"65":1,"66":1,"67":1,"68":2,"71":24,"72":10,"73":8,"75":8,"76":10,"77":2,"78":2,"79":10,"81":24,"82":26,"85":26,"86":24,"87":24,"88":24,"89":24,"90":5,"91":5,"92":5,"93":5,"95":24,"97":26,"98":26,"99":26,"100":26,"101":26,"103":26,"104":72,"105":26,"107":26,"108":26,"109":26,"111":26,"112":72,"113":72,"114":72,"115":72,"116":72,"117":72,"118":72,"119":72,"120":26,"122":26,"123":26,"124":26,"125":26,"127":26},"branchMap":{"0":{"type":"branch","line":19,"loc":{"start":{"line":19,"column":24},"end":{"line":128,"column":1}},"locations":[{"start":{"line":19,"column":24},"end":{"line":128,"column":1}}]},"1":{"type":"branch","line":36,"loc":{"start":{"line":36,"column":69},"end":{"line":36,"column":86}},"locations":[{"start":{"line":36,"column":69},"end":{"line":36,"column":86}}]},"2":{"type":"branch","line":36,"loc":{"start":{"line":36,"column":72},"end":{"line":36,"column":91}},"locations":[{"start":{"line":36,"column":72},"end":{"line":36,"column":91}}]},"3":{"type":"branch","line":39,"loc":{"start":{"line":39,"column":30},"end":{"line":39,"column":46}},"locations":[{"start":{"line":39,"column":30},"end":{"line":39,"column":46}}]},"4":{"type":"branch","line":39,"loc":{"start":{"line":39,"column":46},"end":{"line":43,"column":5}},"locations":[{"start":{"line":39,"column":46},"end":{"line":43,"column":5}}]},"5":{"type":"branch","line":43,"loc":{"start":{"line":43,"column":4},"end":{"line":46,"column":36}},"locations":[{"start":{"line":43,"column":4},"end":{"line":46,"column":36}}]},"6":{"type":"branch","line":46,"loc":{"start":{"line":46,"column":36},"end":{"line":50,"column":5}},"locations":[{"start":{"line":46,"column":36},"end":{"line":50,"column":5}}]},"7":{"type":"branch","line":50,"loc":{"start":{"line":50,"column":4},"end":{"line":55,"column":44}},"locations":[{"start":{"line":50,"column":4},"end":{"line":55,"column":44}}]},"8":{"type":"branch","line":55,"loc":{"start":{"line":55,"column":44},"end":{"line":57,"column":15}},"locations":[{"start":{"line":55,"column":44},"end":{"line":57,"column":15}}]},"9":{"type":"branch","line":57,"loc":{"start":{"line":57,"column":4},"end":{"line":59,"column":5}},"locations":[{"start":{"line":57,"column":4},"end":{"line":59,"column":5}}]},"10":{"type":"branch","line":57,"loc":{"start":{"line":57,"column":36},"end":{"line":57,"column":75}},"locations":[{"start":{"line":57,"column":36},"end":{"line":57,"column":75}}]},"11":{"type":"branch","line":57,"loc":{"start":{"line":57,"column":75},"end":{"line":59,"column":5}},"locations":[{"start":{"line":57,"column":75},"end":{"line":59,"column":5}}]},"12":{"type":"branch","line":59,"loc":{"start":{"line":59,"column":4},"end":{"line":83,"column":57}},"locations":[{"start":{"line":59,"column":4},"end":{"line":83,"column":57}}]},"13":{"type":"branch","line":83,"loc":{"start":{"line":83,"column":46},"end":{"line":83,"column":75}},"locations":[{"start":{"line":83,"column":46},"end":{"line":83,"column":75}}]},"14":{"type":"branch","line":83,"loc":{"start":{"line":83,"column":64},"end":{"line":83,"column":77}},"locations":[{"start":{"line":83,"column":64},"end":{"line":83,"column":77}}]},"15":{"type":"branch","line":86,"loc":{"start":{"line":86,"column":16},"end":{"line":96,"column":22}},"locations":[{"start":{"line":86,"column":16},"end":{"line":96,"column":22}}]},"16":{"type":"branch","line":89,"loc":{"start":{"line":89,"column":82},"end":{"line":89,"column":104}},"locations":[{"start":{"line":89,"column":82},"end":{"line":89,"column":104}}]},"17":{"type":"branch","line":89,"loc":{"start":{"line":89,"column":86},"end":{"line":89,"column":139}},"locations":[{"start":{"line":89,"column":86},"end":{"line":89,"column":139}}]},"18":{"type":"branch","line":90,"loc":{"start":{"line":90,"column":21},"end":{"line":94,"column":33}},"locations":[{"start":{"line":90,"column":21},"end":{"line":94,"column":33}}]},"19":{"type":"branch","line":92,"loc":{"start":{"line":92,"column":29},"end":{"line":92,"column":107}},"locations":[{"start":{"line":92,"column":29},"end":{"line":92,"column":107}}]},"20":{"type":"branch","line":102,"loc":{"start":{"line":102,"column":29},"end":{"line":102,"column":61}},"locations":[{"start":{"line":102,"column":29},"end":{"line":102,"column":61}}]},"21":{"type":"branch","line":36,"loc":{"start":{"line":36,"column":39},"end":{"line":36,"column":66}},"locations":[{"start":{"line":36,"column":39},"end":{"line":36,"column":66}}]},"22":{"type":"branch","line":62,"loc":{"start":{"line":62,"column":34},"end":{"line":69,"column":5}},"locations":[{"start":{"line":62,"column":34},"end":{"line":69,"column":5}}]},"23":{"type":"branch","line":64,"loc":{"start":{"line":64,"column":28},"end":{"line":64,"column":64}},"locations":[{"start":{"line":64,"column":28},"end":{"line":64,"column":64}}]},"24":{"type":"branch","line":64,"loc":{"start":{"line":64,"column":84},"end":{"line":68,"column":9}},"locations":[{"start":{"line":64,"column":84},"end":{"line":68,"column":9}}]},"25":{"type":"branch","line":72,"loc":{"start":{"line":72,"column":28},"end":{"line":80,"column":5}},"locations":[{"start":{"line":72,"column":28},"end":{"line":80,"column":5}}]},"26":{"type":"branch","line":73,"loc":{"start":{"line":73,"column":21},"end":{"line":77,"column":15}},"locations":[{"start":{"line":73,"column":21},"end":{"line":77,"column":15}}]},"27":{"type":"branch","line":77,"loc":{"start":{"line":77,"column":8},"end":{"line":79,"column":9}},"locations":[{"start":{"line":77,"column":8},"end":{"line":79,"column":9}}]},"28":{"type":"branch","line":76,"loc":{"start":{"line":76,"column":27},"end":{"line":76,"column":60}},"locations":[{"start":{"line":76,"column":27},"end":{"line":76,"column":60}}]},"29":{"type":"branch","line":78,"loc":{"start":{"line":78,"column":27},"end":{"line":78,"column":98}},"locations":[{"start":{"line":78,"column":27},"end":{"line":78,"column":98}}]},"30":{"type":"branch","line":78,"loc":{"start":{"line":78,"column":49},"end":{"line":78,"column":97}},"locations":[{"start":{"line":78,"column":49},"end":{"line":78,"column":97}}]},"31":{"type":"branch","line":91,"loc":{"start":{"line":91,"column":41},"end":{"line":91,"column":73}},"locations":[{"start":{"line":91,"column":41},"end":{"line":91,"column":73}}]},"32":{"type":"branch","line":104,"loc":{"start":{"line":104,"column":47},"end":{"line":105,"column":102}},"locations":[{"start":{"line":104,"column":47},"end":{"line":105,"column":102}}]},"33":{"type":"branch","line":112,"loc":{"start":{"line":112,"column":37},"end":{"line":120,"column":34}},"locations":[{"start":{"line":112,"column":37},"end":{"line":120,"column":34}}]},"34":{"type":"branch","line":115,"loc":{"start":{"line":115,"column":63},"end":{"line":115,"column":107}},"locations":[{"start":{"line":115,"column":63},"end":{"line":115,"column":107}}]},"35":{"type":"branch","line":118,"loc":{"start":{"line":118,"column":49},"end":{"line":118,"column":94}},"locations":[{"start":{"line":118,"column":49},"end":{"line":118,"column":94}}]}},"b":{"0":[26],"1":[25],"2":[1],"3":[25],"4":[1],"5":[25],"6":[1],"7":[24],"8":[2],"9":[22],"10":[8],"11":[8],"12":[24],"13":[0],"14":[24],"15":[24],"16":[14],"17":[10],"18":[5],"19":[1],"20":[24],"21":[75],"22":[2],"23":[1],"24":[1],"25":[10],"26":[8],"27":[2],"28":[8],"29":[2],"30":[3],"31":[1],"32":[72],"33":[72],"34":[42],"35":[10]},"fnMap":{"0":{"name":"DataGrid","decl":{"start":{"line":19,"column":24},"end":{"line":128,"column":1}},"loc":{"start":{"line":19,"column":24},"end":{"line":128,"column":1}},"line":19},"1":{"name":"handleSelectAllChange","decl":{"start":{"line":62,"column":34},"end":{"line":69,"column":5}},"loc":{"start":{"line":62,"column":34},"end":{"line":69,"column":5}},"line":62},"2":{"name":"handleRowSelect","decl":{"start":{"line":72,"column":28},"end":{"line":80,"column":5}},"loc":{"start":{"line":72,"column":28},"end":{"line":80,"column":5}},"line":72},"3":{"name":"onClick","decl":{"start":{"line":91,"column":41},"end":{"line":91,"column":73}},"loc":{"start":{"line":91,"column":41},"end":{"line":91,"column":73}},"line":91},"4":{"name":"onRowSelect","decl":{"start":{"line":118,"column":49},"end":{"line":118,"column":94}},"loc":{"start":{"line":118,"column":49},"end":{"line":118,"column":94}},"line":118}},"f":{"0":26,"1":2,"2":10,"3":1,"4":10}}
,"D:\\dev\\New-Projects\\FE_UI_Test\\src\\utils\\data.ts": {"path":"D:\\dev\\New-Projects\\FE_UI_Test\\src\\utils\\data.ts","all":true,"statementMap":{"2":{"start":{"line":3,"column":0},"end":{"line":3,"column":37}},"3":{"start":{"line":4,"column":0},"end":{"line":4,"column":5}},"4":{"start":{"line":5,"column":0},"end":{"line":5,"column":23}},"5":{"start":{"line":6,"column":0},"end":{"line":6,"column":22}},"6":{"start":{"line":7,"column":0},"end":{"line":7,"column":69}},"7":{"start":{"line":8,"column":0},"end":{"line":8,"column":25}},"8":{"start":{"line":9,"column":0},"end":{"line":9,"column":6}},"9":{"start":{"line":10,"column":0},"end":{"line":10,"column":5}},"10":{"start":{"line":11,"column":0},"end":{"line":11,"column":24}},"11":{"start":{"line":12,"column":0},"end":{"line":12,"column":22}},"12":{"start":{"line":13,"column":0},"end":{"line":13,"column":70}},"13":{"start":{"line":14,"column":0},"end":{"line":14,"column":25}},"14":{"start":{"line":15,"column":0},"end":{"line":15,"column":6}},"15":{"start":{"line":16,"column":0},"end":{"line":16,"column":5}},"16":{"start":{"line":17,"column":0},"end":{"line":17,"column":26}},"17":{"start":{"line":18,"column":0},"end":{"line":18,"column":22}},"18":{"start":{"line":19,"column":0},"end":{"line":19,"column":72}},"19":{"start":{"line":20,"column":0},"end":{"line":20,"column":25}},"20":{"start":{"line":21,"column":0},"end":{"line":21,"column":6}},"21":{"start":{"line":22,"column":0},"end":{"line":22,"column":5}},"22":{"start":{"line":23,"column":0},"end":{"line":23,"column":24}},"23":{"start":{"line":24,"column":0},"end":{"line":24,"column":22}},"24":{"start":{"line":25,"column":0},"end":{"line":25,"column":70}},"25":{"start":{"line":26,"column":0},"end":{"line":26,"column":25}},"26":{"start":{"line":27,"column":0},"end":{"line":27,"column":6}},"27":{"start":{"line":28,"column":0},"end":{"line":28,"column":5}},"28":{"start":{"line":29,"column":0},"end":{"line":29,"column":28}},"29":{"start":{"line":30,"column":0},"end":{"line":30,"column":22}},"30":{"start":{"line":31,"column":0},"end":{"line":31,"column":74}},"31":{"start":{"line":32,"column":0},"end":{"line":32,"column":25}},"32":{"start":{"line":33,"column":0},"end":{"line":33,"column":6}},"33":{"start":{"line":34,"column":0},"end":{"line":34,"column":5}},"34":{"start":{"line":35,"column":0},"end":{"line":35,"column":12}},"35":{"start":{"line":36,"column":0},"end":{"line":36,"column":22}},"36":{"start":{"line":37,"column":0},"end":{"line":37,"column":21}},"37":{"start":{"line":38,"column":0},"end":{"line":38,"column":55}},"38":{"start":{"line":39,"column":0},"end":{"line":39,"column":25}},"39":{"start":{"line":40,"column":0},"end":{"line":40,"column":5}},"40":{"start":{"line":41,"column":0},"end":{"line":41,"column":3}}},"s":{"2":0,"3":0,"4":0,"5":0,"6":0,"7":0,"8":0,"9":0,"10":0,"11":0,"12":0,"13":0,"14":0,"15":0,"16":0,"17":0,"18":0,"19":0,"20":0,"21":0,"22":0,"23":0,"24":0,"25":0,"26":0,"27":0,"28":0,"29":0,"30":0,"31":0,"32":0,"33":0,"34":0,"35":0,"36":0,"37":0,"38":0,"39":0,"40":0},"branchMap":{"0":{"type":"branch","line":1,"loc":{"start":{"line":1,"column":1075},"end":{"line":41,"column":3}},"locations":[{"start":{"line":1,"column":1075},"end":{"line":41,"column":3}}]}},"b":{"0":[1]},"fnMap":{"0":{"name":"(empty-report)","decl":{"start":{"line":1,"column":1075},"end":{"line":41,"column":3}},"loc":{"start":{"line":1,"column":1075},"end":{"line":41,"column":3}},"line":1}},"f":{"0":1}}
,"D:\\dev\\New-Projects\\FE_UI_Test\\src\\utils\\types.ts": {"path":"D:\\dev\\New-Projects\\FE_UI_Test\\src\\utils\\types.ts","all":true,"statementMap":{},"s":{},"branchMap":{"0":{"type":"branch","line":1,"loc":{"start":{"line":1,"column":603},"end":{"line":23,"column":62}},"locations":[{"start":{"line":1,"column":603},"end":{"line":23,"column":62}}]}},"b":{"0":[1]},"fnMap":{"0":{"name":"(empty-report)","decl":{"start":{"line":1,"column":603},"end":{"line":23,"column":62}},"loc":{"start":{"line":1,"column":603},"end":{"line":23,"column":62}},"line":1}},"f":{"0":1}}
}
