{"D:\\dev\\New-Projects\\FE_UI_Test\\src\\App.tsx": {"path":"D:\\dev\\New-Projects\\FE_UI_Test\\src\\App.tsx","all":true,"statementMap":{"0":{"start":{"line":1,"column":0},"end":{"line":1,"column":58}},"1":{"start":{"line":2,"column":0},"end":{"line":2,"column":40}},"2":{"start":{"line":3,"column":0},"end":{"line":3,"column":33}},"3":{"start":{"line":4,"column":0},"end":{"line":4,"column":41}},"4":{"start":{"line":5,"column":0},"end":{"line":5,"column":49}},"5":{"start":{"line":6,"column":0},"end":{"line":6,"column":70}},"7":{"start":{"line":8,"column":0},"end":{"line":8,"column":18}},"8":{"start":{"line":9,"column":0},"end":{"line":9,"column":40}},"10":{"start":{"line":11,"column":0},"end":{"line":11,"column":16}},"12":{"start":{"line":13,"column":0},"end":{"line":13,"column":79}},"13":{"start":{"line":14,"column":0},"end":{"line":14,"column":77}},"15":{"start":{"line":16,"column":0},"end":{"line":16,"column":49}},"16":{"start":{"line":17,"column":0},"end":{"line":17,"column":5}},"17":{"start":{"line":18,"column":0},"end":{"line":18,"column":25}},"18":{"start":{"line":19,"column":0},"end":{"line":19,"column":21}},"19":{"start":{"line":20,"column":0},"end":{"line":20,"column":6}},"20":{"start":{"line":21,"column":0},"end":{"line":21,"column":5}},"21":{"start":{"line":22,"column":0},"end":{"line":22,"column":27}},"22":{"start":{"line":23,"column":0},"end":{"line":23,"column":22}},"23":{"start":{"line":24,"column":0},"end":{"line":24,"column":6}},"24":{"start":{"line":25,"column":0},"end":{"line":25,"column":5}},"25":{"start":{"line":26,"column":0},"end":{"line":26,"column":25}},"26":{"start":{"line":27,"column":0},"end":{"line":27,"column":22}},"27":{"start":{"line":28,"column":0},"end":{"line":28,"column":6}},"28":{"start":{"line":29,"column":0},"end":{"line":29,"column":5}},"29":{"start":{"line":30,"column":0},"end":{"line":30,"column":27}},"30":{"start":{"line":31,"column":0},"end":{"line":31,"column":22}},"31":{"start":{"line":32,"column":0},"end":{"line":32,"column":20}},"32":{"start":{"line":33,"column":0},"end":{"line":33,"column":35}},"33":{"start":{"line":34,"column":0},"end":{"line":34,"column":8}},"34":{"start":{"line":35,"column":0},"end":{"line":35,"column":23}},"35":{"start":{"line":36,"column":0},"end":{"line":36,"column":28}},"36":{"start":{"line":37,"column":0},"end":{"line":37,"column":7}},"37":{"start":{"line":38,"column":0},"end":{"line":38,"column":5}},"38":{"start":{"line":39,"column":0},"end":{"line":39,"column":4}},"40":{"start":{"line":41,"column":0},"end":{"line":41,"column":57}},"41":{"start":{"line":42,"column":0},"end":{"line":42,"column":32}},"42":{"start":{"line":43,"column":0},"end":{"line":43,"column":35}},"43":{"start":{"line":44,"column":0},"end":{"line":44,"column":3}},"45":{"start":{"line":46,"column":0},"end":{"line":46,"column":10}},"46":{"start":{"line":47,"column":0},"end":{"line":47,"column":6}},"47":{"start":{"line":48,"column":0},"end":{"line":48,"column":34}},"48":{"start":{"line":49,"column":0},"end":{"line":49,"column":15}},"49":{"start":{"line":50,"column":0},"end":{"line":50,"column":38}},"50":{"start":{"line":51,"column":0},"end":{"line":51,"column":23}},"51":{"start":{"line":52,"column":0},"end":{"line":52,"column":24}},"52":{"start":{"line":53,"column":0},"end":{"line":53,"column":65}},"53":{"start":{"line":54,"column":0},"end":{"line":54,"column":44}},"54":{"start":{"line":55,"column":0},"end":{"line":55,"column":38}},"55":{"start":{"line":56,"column":0},"end":{"line":56,"column":8}},"57":{"start":{"line":58,"column":0},"end":{"line":58,"column":31}},"58":{"start":{"line":59,"column":0},"end":{"line":59,"column":23}},"59":{"start":{"line":60,"column":0},"end":{"line":60,"column":132}},"60":{"start":{"line":61,"column":0},"end":{"line":61,"column":25}},"61":{"start":{"line":62,"column":0},"end":{"line":62,"column":11}},"64":{"start":{"line":65,"column":0},"end":{"line":65,"column":7}},"66":{"start":{"line":67,"column":0},"end":{"line":67,"column":1}},"68":{"start":{"line":69,"column":0},"end":{"line":69,"column":19}}},"s":{"0":0,"1":0,"2":0,"3":0,"4":0,"5":0,"7":0,"8":0,"10":0,"12":0,"13":0,"15":0,"16":0,"17":0,"18":0,"19":0,"20":0,"21":0,"22":0,"23":0,"24":0,"25":0,"26":0,"27":0,"28":0,"29":0,"30":0,"31":0,"32":0,"33":0,"34":0,"35":0,"36":0,"37":0,"38":0,"40":0,"41":0,"42":0,"43":0,"45":0,"46":0,"47":0,"48":0,"49":0,"50":0,"51":0,"52":0,"53":0,"54":0,"55":0,"57":0,"58":0,"59":0,"60":0,"61":0,"64":0,"66":0,"68":0},"branchMap":{"0":{"type":"branch","line":1,"loc":{"start":{"line":1,"column":1768},"end":{"line":69,"column":19}},"locations":[{"start":{"line":1,"column":1768},"end":{"line":69,"column":19}}]}},"b":{"0":[0]},"fnMap":{"0":{"name":"(empty-report)","decl":{"start":{"line":1,"column":1768},"end":{"line":69,"column":19}},"loc":{"start":{"line":1,"column":1768},"end":{"line":69,"column":19}},"line":1}},"f":{"0":0}}
,"D:\\dev\\New-Projects\\FE_UI_Test\\src\\main.tsx": {"path":"D:\\dev\\New-Projects\\FE_UI_Test\\src\\main.tsx","all":true,"statementMap":{"0":{"start":{"line":1,"column":0},"end":{"line":1,"column":34}},"1":{"start":{"line":2,"column":0},"end":{"line":2,"column":45}},"2":{"start":{"line":3,"column":0},"end":{"line":3,"column":20}},"3":{"start":{"line":4,"column":0},"end":{"line":4,"column":27}},"5":{"start":{"line":6,"column":0},"end":{"line":6,"column":52}},"6":{"start":{"line":7,"column":0},"end":{"line":7,"column":14}},"7":{"start":{"line":8,"column":0},"end":{"line":8,"column":11}},"8":{"start":{"line":9,"column":0},"end":{"line":9,"column":16}},"9":{"start":{"line":10,"column":0},"end":{"line":10,"column":1}}},"s":{"0":0,"1":0,"2":0,"3":0,"5":0,"6":0,"7":0,"8":0,"9":0},"branchMap":{"0":{"type":"branch","line":1,"loc":{"start":{"line":1,"column":203},"end":{"line":10,"column":-148}},"locations":[{"start":{"line":1,"column":203},"end":{"line":10,"column":-148}}]}},"b":{"0":[0]},"fnMap":{"0":{"name":"(empty-report)","decl":{"start":{"line":1,"column":203},"end":{"line":10,"column":-148}},"loc":{"start":{"line":1,"column":203},"end":{"line":10,"column":-148}},"line":1}},"f":{"0":0}}
,"D:\\dev\\New-Projects\\FE_UI_Test\\src\\components\\Checkbox\\Checkbox.tsx": {"path":"D:\\dev\\New-Projects\\FE_UI_Test\\src\\components\\Checkbox\\Checkbox.tsx","all":false,"statementMap":{"1":{"start":{"line":2,"column":0},"end":{"line":2,"column":43}},"9":{"start":{"line":10,"column":0},"end":{"line":10,"column":65}},"11":{"start":{"line":12,"column":0},"end":{"line":12,"column":12}},"13":{"start":{"line":14,"column":0},"end":{"line":14,"column":16}},"14":{"start":{"line":15,"column":0},"end":{"line":15,"column":25}},"15":{"start":{"line":16,"column":0},"end":{"line":16,"column":47}},"16":{"start":{"line":17,"column":0},"end":{"line":17,"column":31}},"17":{"start":{"line":18,"column":0},"end":{"line":18,"column":54}},"18":{"start":{"line":19,"column":0},"end":{"line":19,"column":81}},"20":{"start":{"line":21,"column":0},"end":{"line":21,"column":40}},"21":{"start":{"line":22,"column":0},"end":{"line":22,"column":38}},"22":{"start":{"line":23,"column":0},"end":{"line":23,"column":42}},"23":{"start":{"line":24,"column":0},"end":{"line":24,"column":17}},"26":{"start":{"line":27,"column":0},"end":{"line":27,"column":1}}},"s":{"1":1,"9":1,"11":27,"13":27,"14":27,"15":27,"16":27,"17":27,"18":27,"20":27,"21":27,"22":27,"23":27,"26":27},"branchMap":{"0":{"type":"branch","line":10,"loc":{"start":{"line":10,"column":24},"end":{"line":27,"column":1}},"locations":[{"start":{"line":10,"column":24},"end":{"line":27,"column":1}}]},"1":{"type":"branch","line":19,"loc":{"start":{"line":19,"column":45},"end":{"line":19,"column":68}},"locations":[{"start":{"line":19,"column":45},"end":{"line":19,"column":68}}]},"2":{"type":"branch","line":19,"loc":{"start":{"line":19,"column":59},"end":{"line":19,"column":77}},"locations":[{"start":{"line":19,"column":59},"end":{"line":19,"column":77}}]},"3":{"type":"branch","line":21,"loc":{"start":{"line":21,"column":23},"end":{"line":21,"column":40}},"locations":[{"start":{"line":21,"column":23},"end":{"line":21,"column":40}}]},"4":{"type":"branch","line":22,"loc":{"start":{"line":22,"column":23},"end":{"line":22,"column":38}},"locations":[{"start":{"line":22,"column":23},"end":{"line":22,"column":38}}]},"5":{"type":"branch","line":23,"loc":{"start":{"line":23,"column":23},"end":{"line":23,"column":42}},"locations":[{"start":{"line":23,"column":23},"end":{"line":23,"column":42}}]}},"b":{"0":[27],"1":[15],"2":[12],"3":[3],"4":[9],"5":[15]},"fnMap":{"0":{"name":"Checkbox","decl":{"start":{"line":10,"column":24},"end":{"line":27,"column":1}},"loc":{"start":{"line":10,"column":24},"end":{"line":27,"column":1}},"line":10}},"f":{"0":27}}
,"D:\\dev\\New-Projects\\FE_UI_Test\\src\\components\\DataGrid\\DataGrid.tsx": {"path":"D:\\dev\\New-Projects\\FE_UI_Test\\src\\components\\DataGrid\\DataGrid.tsx","all":false,"statementMap":{"0":{"start":{"line":1,"column":0},"end":{"line":1,"column":43}},"1":{"start":{"line":2,"column":0},"end":{"line":2,"column":48}},"2":{"start":{"line":3,"column":0},"end":{"line":3,"column":44}},"4":{"start":{"line":5,"column":0},"end":{"line":5,"column":43}},"15":{"start":{"line":16,"column":0},"end":{"line":16,"column":68}},"16":{"start":{"line":17,"column":0},"end":{"line":17,"column":5}},"17":{"start":{"line":18,"column":0},"end":{"line":18,"column":19}},"18":{"start":{"line":19,"column":0},"end":{"line":19,"column":13}},"19":{"start":{"line":20,"column":0},"end":{"line":20,"column":17}},"20":{"start":{"line":21,"column":0},"end":{"line":21,"column":20}},"21":{"start":{"line":22,"column":0},"end":{"line":22,"column":24}},"22":{"start":{"line":23,"column":0},"end":{"line":23,"column":24}},"23":{"start":{"line":24,"column":0},"end":{"line":24,"column":29}},"26":{"start":{"line":27,"column":0},"end":{"line":27,"column":65}},"29":{"start":{"line":30,"column":0},"end":{"line":30,"column":91}},"32":{"start":{"line":33,"column":0},"end":{"line":33,"column":47}},"33":{"start":{"line":34,"column":0},"end":{"line":34,"column":16}},"34":{"start":{"line":35,"column":0},"end":{"line":35,"column":88}},"36":{"start":{"line":37,"column":0},"end":{"line":37,"column":5}},"39":{"start":{"line":40,"column":0},"end":{"line":40,"column":37}},"40":{"start":{"line":41,"column":0},"end":{"line":41,"column":16}},"41":{"start":{"line":42,"column":0},"end":{"line":42,"column":61}},"43":{"start":{"line":44,"column":0},"end":{"line":44,"column":5}},"46":{"start":{"line":47,"column":0},"end":{"line":47,"column":52}},"48":{"start":{"line":49,"column":0},"end":{"line":49,"column":69}},"49":{"start":{"line":50,"column":0},"end":{"line":50,"column":33}},"50":{"start":{"line":51,"column":0},"end":{"line":51,"column":52}},"51":{"start":{"line":52,"column":0},"end":{"line":52,"column":35}},"52":{"start":{"line":53,"column":0},"end":{"line":53,"column":5}},"55":{"start":{"line":56,"column":0},"end":{"line":56,"column":41}},"56":{"start":{"line":57,"column":0},"end":{"line":57,"column":48}},"57":{"start":{"line":58,"column":0},"end":{"line":58,"column":85}},"58":{"start":{"line":59,"column":0},"end":{"line":59,"column":33}},"59":{"start":{"line":60,"column":0},"end":{"line":60,"column":16}},"60":{"start":{"line":61,"column":0},"end":{"line":61,"column":31}},"61":{"start":{"line":62,"column":0},"end":{"line":62,"column":9}},"62":{"start":{"line":63,"column":0},"end":{"line":63,"column":5}},"65":{"start":{"line":66,"column":0},"end":{"line":66,"column":66}},"66":{"start":{"line":67,"column":0},"end":{"line":67,"column":22}},"67":{"start":{"line":68,"column":0},"end":{"line":68,"column":45}},"68":{"start":{"line":69,"column":0},"end":{"line":69,"column":61}},"69":{"start":{"line":70,"column":0},"end":{"line":70,"column":16}},"70":{"start":{"line":71,"column":0},"end":{"line":71,"column":99}},"71":{"start":{"line":72,"column":0},"end":{"line":72,"column":9}},"72":{"start":{"line":73,"column":0},"end":{"line":73,"column":5}},"74":{"start":{"line":75,"column":0},"end":{"line":75,"column":12}},"75":{"start":{"line":76,"column":0},"end":{"line":76,"column":81}},"77":{"start":{"line":78,"column":0},"end":{"line":78,"column":48}},"78":{"start":{"line":79,"column":0},"end":{"line":79,"column":84}},"79":{"start":{"line":80,"column":0},"end":{"line":80,"column":142}},"80":{"start":{"line":81,"column":0},"end":{"line":81,"column":33}},"81":{"start":{"line":82,"column":0},"end":{"line":82,"column":69}},"82":{"start":{"line":83,"column":0},"end":{"line":83,"column":103}},"83":{"start":{"line":84,"column":0},"end":{"line":84,"column":42}},"84":{"start":{"line":85,"column":0},"end":{"line":85,"column":29}},"86":{"start":{"line":87,"column":0},"end":{"line":87,"column":18}},"88":{"start":{"line":89,"column":0},"end":{"line":89,"column":19}},"89":{"start":{"line":90,"column":0},"end":{"line":90,"column":23}},"90":{"start":{"line":91,"column":0},"end":{"line":91,"column":24}},"91":{"start":{"line":92,"column":0},"end":{"line":92,"column":39}},"93":{"start":{"line":94,"column":0},"end":{"line":94,"column":63}},"94":{"start":{"line":95,"column":0},"end":{"line":95,"column":98}},"95":{"start":{"line":96,"column":0},"end":{"line":96,"column":30}},"97":{"start":{"line":98,"column":0},"end":{"line":98,"column":25}},"98":{"start":{"line":99,"column":0},"end":{"line":99,"column":24}},"99":{"start":{"line":100,"column":0},"end":{"line":100,"column":23}},"101":{"start":{"line":102,"column":0},"end":{"line":102,"column":54}},"102":{"start":{"line":103,"column":0},"end":{"line":103,"column":36}},"103":{"start":{"line":104,"column":0},"end":{"line":104,"column":55}},"104":{"start":{"line":105,"column":0},"end":{"line":105,"column":118}},"105":{"start":{"line":106,"column":0},"end":{"line":106,"column":49}},"106":{"start":{"line":107,"column":0},"end":{"line":107,"column":55}},"107":{"start":{"line":108,"column":0},"end":{"line":108,"column":90}},"108":{"start":{"line":109,"column":0},"end":{"line":109,"column":30}},"109":{"start":{"line":110,"column":0},"end":{"line":110,"column":26}},"111":{"start":{"line":112,"column":0},"end":{"line":112,"column":24}},"112":{"start":{"line":113,"column":0},"end":{"line":113,"column":20}},"113":{"start":{"line":114,"column":0},"end":{"line":114,"column":14}},"115":{"start":{"line":116,"column":0},"end":{"line":116,"column":1}}},"s":{"0":1,"1":1,"2":1,"4":1,"15":1,"16":26,"17":26,"18":26,"19":26,"20":26,"21":26,"22":26,"23":26,"26":26,"29":26,"32":26,"33":1,"34":1,"36":1,"39":26,"40":1,"41":1,"43":1,"46":24,"48":26,"49":8,"50":26,"51":2,"52":2,"55":24,"56":2,"57":2,"58":1,"59":1,"60":1,"61":1,"62":2,"65":24,"66":10,"67":8,"68":8,"69":10,"70":2,"71":2,"72":10,"74":24,"75":26,"77":26,"78":26,"79":26,"80":26,"81":5,"82":5,"83":5,"84":5,"86":26,"88":26,"89":26,"90":26,"91":26,"93":26,"94":72,"95":26,"97":26,"98":26,"99":26,"101":26,"102":72,"103":72,"104":72,"105":72,"106":72,"107":72,"108":72,"109":26,"111":26,"112":26,"113":26,"115":26},"branchMap":{"0":{"type":"branch","line":16,"loc":{"start":{"line":16,"column":24},"end":{"line":116,"column":1}},"locations":[{"start":{"line":16,"column":24},"end":{"line":116,"column":1}}]},"1":{"type":"branch","line":30,"loc":{"start":{"line":30,"column":69},"end":{"line":30,"column":86}},"locations":[{"start":{"line":30,"column":69},"end":{"line":30,"column":86}}]},"2":{"type":"branch","line":30,"loc":{"start":{"line":30,"column":72},"end":{"line":30,"column":91}},"locations":[{"start":{"line":30,"column":72},"end":{"line":30,"column":91}}]},"3":{"type":"branch","line":33,"loc":{"start":{"line":33,"column":30},"end":{"line":33,"column":46}},"locations":[{"start":{"line":33,"column":30},"end":{"line":33,"column":46}}]},"4":{"type":"branch","line":33,"loc":{"start":{"line":33,"column":46},"end":{"line":37,"column":5}},"locations":[{"start":{"line":33,"column":46},"end":{"line":37,"column":5}}]},"5":{"type":"branch","line":37,"loc":{"start":{"line":37,"column":4},"end":{"line":40,"column":36}},"locations":[{"start":{"line":37,"column":4},"end":{"line":40,"column":36}}]},"6":{"type":"branch","line":40,"loc":{"start":{"line":40,"column":36},"end":{"line":44,"column":5}},"locations":[{"start":{"line":40,"column":36},"end":{"line":44,"column":5}}]},"7":{"type":"branch","line":44,"loc":{"start":{"line":44,"column":4},"end":{"line":49,"column":34}},"locations":[{"start":{"line":44,"column":4},"end":{"line":49,"column":34}}]},"8":{"type":"branch","line":49,"loc":{"start":{"line":49,"column":29},"end":{"line":49,"column":68}},"locations":[{"start":{"line":49,"column":29},"end":{"line":49,"column":68}}]},"9":{"type":"branch","line":49,"loc":{"start":{"line":49,"column":68},"end":{"line":51,"column":15}},"locations":[{"start":{"line":49,"column":68},"end":{"line":51,"column":15}}]},"10":{"type":"branch","line":51,"loc":{"start":{"line":51,"column":4},"end":{"line":53,"column":5}},"locations":[{"start":{"line":51,"column":4},"end":{"line":53,"column":5}}]},"11":{"type":"branch","line":51,"loc":{"start":{"line":51,"column":51},"end":{"line":53,"column":5}},"locations":[{"start":{"line":51,"column":51},"end":{"line":53,"column":5}}]},"12":{"type":"branch","line":53,"loc":{"start":{"line":53,"column":4},"end":{"line":76,"column":57}},"locations":[{"start":{"line":53,"column":4},"end":{"line":76,"column":57}}]},"13":{"type":"branch","line":76,"loc":{"start":{"line":76,"column":46},"end":{"line":76,"column":75}},"locations":[{"start":{"line":76,"column":46},"end":{"line":76,"column":75}}]},"14":{"type":"branch","line":76,"loc":{"start":{"line":76,"column":64},"end":{"line":76,"column":77}},"locations":[{"start":{"line":76,"column":64},"end":{"line":76,"column":77}}]},"15":{"type":"branch","line":80,"loc":{"start":{"line":80,"column":78},"end":{"line":80,"column":100}},"locations":[{"start":{"line":80,"column":78},"end":{"line":80,"column":100}}]},"16":{"type":"branch","line":80,"loc":{"start":{"line":80,"column":82},"end":{"line":80,"column":135}},"locations":[{"start":{"line":80,"column":82},"end":{"line":80,"column":135}}]},"17":{"type":"branch","line":81,"loc":{"start":{"line":81,"column":17},"end":{"line":85,"column":29}},"locations":[{"start":{"line":81,"column":17},"end":{"line":85,"column":29}}]},"18":{"type":"branch","line":83,"loc":{"start":{"line":83,"column":25},"end":{"line":83,"column":103}},"locations":[{"start":{"line":83,"column":25},"end":{"line":83,"column":103}}]},"19":{"type":"branch","line":30,"loc":{"start":{"line":30,"column":39},"end":{"line":30,"column":66}},"locations":[{"start":{"line":30,"column":39},"end":{"line":30,"column":66}}]},"20":{"type":"branch","line":56,"loc":{"start":{"line":56,"column":34},"end":{"line":63,"column":5}},"locations":[{"start":{"line":56,"column":34},"end":{"line":63,"column":5}}]},"21":{"type":"branch","line":58,"loc":{"start":{"line":58,"column":28},"end":{"line":58,"column":64}},"locations":[{"start":{"line":58,"column":28},"end":{"line":58,"column":64}}]},"22":{"type":"branch","line":58,"loc":{"start":{"line":58,"column":84},"end":{"line":62,"column":9}},"locations":[{"start":{"line":58,"column":84},"end":{"line":62,"column":9}}]},"23":{"type":"branch","line":66,"loc":{"start":{"line":66,"column":28},"end":{"line":73,"column":5}},"locations":[{"start":{"line":66,"column":28},"end":{"line":73,"column":5}}]},"24":{"type":"branch","line":67,"loc":{"start":{"line":67,"column":21},"end":{"line":70,"column":15}},"locations":[{"start":{"line":67,"column":21},"end":{"line":70,"column":15}}]},"25":{"type":"branch","line":70,"loc":{"start":{"line":70,"column":8},"end":{"line":72,"column":9}},"locations":[{"start":{"line":70,"column":8},"end":{"line":72,"column":9}}]},"26":{"type":"branch","line":69,"loc":{"start":{"line":69,"column":27},"end":{"line":69,"column":60}},"locations":[{"start":{"line":69,"column":27},"end":{"line":69,"column":60}}]},"27":{"type":"branch","line":71,"loc":{"start":{"line":71,"column":27},"end":{"line":71,"column":98}},"locations":[{"start":{"line":71,"column":27},"end":{"line":71,"column":98}}]},"28":{"type":"branch","line":71,"loc":{"start":{"line":71,"column":49},"end":{"line":71,"column":97}},"locations":[{"start":{"line":71,"column":49},"end":{"line":71,"column":97}}]},"29":{"type":"branch","line":82,"loc":{"start":{"line":82,"column":37},"end":{"line":82,"column":69}},"locations":[{"start":{"line":82,"column":37},"end":{"line":82,"column":69}}]},"30":{"type":"branch","line":94,"loc":{"start":{"line":94,"column":43},"end":{"line":95,"column":98}},"locations":[{"start":{"line":94,"column":43},"end":{"line":95,"column":98}}]},"31":{"type":"branch","line":102,"loc":{"start":{"line":102,"column":33},"end":{"line":109,"column":30}},"locations":[{"start":{"line":102,"column":33},"end":{"line":109,"column":30}}]},"32":{"type":"branch","line":105,"loc":{"start":{"line":105,"column":61},"end":{"line":105,"column":105}},"locations":[{"start":{"line":105,"column":61},"end":{"line":105,"column":105}}]},"33":{"type":"branch","line":108,"loc":{"start":{"line":108,"column":45},"end":{"line":108,"column":90}},"locations":[{"start":{"line":108,"column":45},"end":{"line":108,"column":90}}]}},"b":{"0":[26],"1":[25],"2":[1],"3":[25],"4":[1],"5":[25],"6":[1],"7":[24],"8":[10],"9":[8],"10":[16],"11":[2],"12":[24],"13":[0],"14":[24],"15":[14],"16":[10],"17":[5],"18":[1],"19":[75],"20":[2],"21":[1],"22":[1],"23":[10],"24":[8],"25":[2],"26":[8],"27":[2],"28":[3],"29":[1],"30":[72],"31":[72],"32":[51],"33":[10]},"fnMap":{"0":{"name":"DataGrid","decl":{"start":{"line":16,"column":24},"end":{"line":116,"column":1}},"loc":{"start":{"line":16,"column":24},"end":{"line":116,"column":1}},"line":16},"1":{"name":"handleSelectAllChange","decl":{"start":{"line":56,"column":34},"end":{"line":63,"column":5}},"loc":{"start":{"line":56,"column":34},"end":{"line":63,"column":5}},"line":56},"2":{"name":"handleRowSelect","decl":{"start":{"line":66,"column":28},"end":{"line":73,"column":5}},"loc":{"start":{"line":66,"column":28},"end":{"line":73,"column":5}},"line":66},"3":{"name":"onClick","decl":{"start":{"line":82,"column":37},"end":{"line":82,"column":69}},"loc":{"start":{"line":82,"column":37},"end":{"line":82,"column":69}},"line":82},"4":{"name":"onRowSelect","decl":{"start":{"line":108,"column":45},"end":{"line":108,"column":90}},"loc":{"start":{"line":108,"column":45},"end":{"line":108,"column":90}},"line":108}},"f":{"0":26,"1":2,"2":10,"3":1,"4":10}}
,"D:\\dev\\New-Projects\\FE_UI_Test\\src\\components\\DataRow\\DataRow.tsx": {"path":"D:\\dev\\New-Projects\\FE_UI_Test\\src\\components\\DataRow\\DataRow.tsx","all":false,"statementMap":{"1":{"start":{"line":2,"column":0},"end":{"line":2,"column":42}},"10":{"start":{"line":11,"column":0},"end":{"line":11,"column":68}},"11":{"start":{"line":12,"column":0},"end":{"line":12,"column":12}},"12":{"start":{"line":13,"column":0},"end":{"line":13,"column":15}},"13":{"start":{"line":14,"column":0},"end":{"line":14,"column":13}},"14":{"start":{"line":15,"column":0},"end":{"line":15,"column":15}},"15":{"start":{"line":16,"column":0},"end":{"line":16,"column":24}},"17":{"start":{"line":18,"column":0},"end":{"line":18,"column":12}},"18":{"start":{"line":19,"column":0},"end":{"line":19,"column":59}},"20":{"start":{"line":21,"column":0},"end":{"line":21,"column":16}},"21":{"start":{"line":22,"column":0},"end":{"line":22,"column":22}},"22":{"start":{"line":23,"column":0},"end":{"line":23,"column":35}},"23":{"start":{"line":24,"column":0},"end":{"line":24,"column":75}},"24":{"start":{"line":25,"column":0},"end":{"line":25,"column":38}},"25":{"start":{"line":26,"column":0},"end":{"line":26,"column":71}},"26":{"start":{"line":27,"column":0},"end":{"line":27,"column":18}},"27":{"start":{"line":28,"column":0},"end":{"line":28,"column":17}},"29":{"start":{"line":30,"column":0},"end":{"line":30,"column":51}},"30":{"start":{"line":31,"column":0},"end":{"line":31,"column":19}},"31":{"start":{"line":32,"column":0},"end":{"line":32,"column":46}},"32":{"start":{"line":33,"column":0},"end":{"line":33,"column":57}},"35":{"start":{"line":36,"column":0},"end":{"line":36,"column":51}},"36":{"start":{"line":37,"column":0},"end":{"line":37,"column":29}},"37":{"start":{"line":38,"column":0},"end":{"line":38,"column":58}},"38":{"start":{"line":39,"column":0},"end":{"line":39,"column":62}},"39":{"start":{"line":40,"column":0},"end":{"line":40,"column":113}},"40":{"start":{"line":41,"column":0},"end":{"line":41,"column":31}},"42":{"start":{"line":43,"column":0},"end":{"line":43,"column":51}},"43":{"start":{"line":44,"column":0},"end":{"line":44,"column":21}},"44":{"start":{"line":45,"column":0},"end":{"line":45,"column":15}},"45":{"start":{"line":46,"column":0},"end":{"line":46,"column":13}},"47":{"start":{"line":48,"column":0},"end":{"line":48,"column":1}}},"s":{"1":1,"10":1,"11":74,"12":74,"13":74,"14":74,"15":74,"17":74,"18":74,"20":74,"21":74,"22":74,"23":74,"24":74,"25":74,"26":74,"27":74,"29":74,"30":218,"31":218,"32":218,"35":218,"36":2,"37":2,"38":2,"39":2,"40":2,"42":218,"43":218,"44":74,"45":74,"47":74},"branchMap":{"0":{"type":"branch","line":11,"loc":{"start":{"line":11,"column":23},"end":{"line":48,"column":1}},"locations":[{"start":{"line":11,"column":23},"end":{"line":48,"column":1}}]},"1":{"type":"branch","line":19,"loc":{"start":{"line":19,"column":23},"end":{"line":19,"column":55}},"locations":[{"start":{"line":19,"column":23},"end":{"line":19,"column":55}}]},"2":{"type":"branch","line":19,"loc":{"start":{"line":19,"column":41},"end":{"line":19,"column":59}},"locations":[{"start":{"line":19,"column":41},"end":{"line":19,"column":59}}]},"3":{"type":"branch","line":24,"loc":{"start":{"line":24,"column":30},"end":{"line":24,"column":75}},"locations":[{"start":{"line":24,"column":30},"end":{"line":24,"column":75}}]},"4":{"type":"branch","line":30,"loc":{"start":{"line":30,"column":28},"end":{"line":44,"column":21}},"locations":[{"start":{"line":30,"column":28},"end":{"line":44,"column":21}}]},"5":{"type":"branch","line":36,"loc":{"start":{"line":36,"column":34},"end":{"line":41,"column":31}},"locations":[{"start":{"line":36,"column":34},"end":{"line":41,"column":31}}]}},"b":{"0":[74],"1":[17],"2":[57],"3":[10],"4":[218],"5":[2]},"fnMap":{"0":{"name":"DataRow","decl":{"start":{"line":11,"column":23},"end":{"line":48,"column":1}},"loc":{"start":{"line":11,"column":23},"end":{"line":48,"column":1}},"line":11},"1":{"name":"onChange","decl":{"start":{"line":24,"column":30},"end":{"line":24,"column":75}},"loc":{"start":{"line":24,"column":30},"end":{"line":24,"column":75}},"line":24}},"f":{"0":74,"1":10}}
,"D:\\dev\\New-Projects\\FE_UI_Test\\src\\components\\DownloadList\\DownloadList.tsx": {"path":"D:\\dev\\New-Projects\\FE_UI_Test\\src\\components\\DownloadList\\DownloadList.tsx","all":true,"statementMap":{"1":{"start":{"line":2,"column":0},"end":{"line":2,"column":47}},"7":{"start":{"line":8,"column":0},"end":{"line":8,"column":67}},"9":{"start":{"line":10,"column":0},"end":{"line":10,"column":83}},"10":{"start":{"line":11,"column":0},"end":{"line":11,"column":50}},"11":{"start":{"line":12,"column":0},"end":{"line":12,"column":9}},"12":{"start":{"line":13,"column":0},"end":{"line":13,"column":31}},"13":{"start":{"line":14,"column":0},"end":{"line":14,"column":27}},"14":{"start":{"line":15,"column":0},"end":{"line":15,"column":10}},"15":{"start":{"line":16,"column":0},"end":{"line":16,"column":9}},"16":{"start":{"line":17,"column":0},"end":{"line":17,"column":33}},"17":{"start":{"line":18,"column":0},"end":{"line":18,"column":28}},"18":{"start":{"line":19,"column":0},"end":{"line":19,"column":9}},"19":{"start":{"line":20,"column":0},"end":{"line":20,"column":6}},"21":{"start":{"line":22,"column":0},"end":{"line":22,"column":36}},"22":{"start":{"line":23,"column":0},"end":{"line":23,"column":16}},"23":{"start":{"line":24,"column":0},"end":{"line":24,"column":103}},"25":{"start":{"line":26,"column":0},"end":{"line":26,"column":5}},"27":{"start":{"line":28,"column":0},"end":{"line":28,"column":12}},"28":{"start":{"line":29,"column":0},"end":{"line":29,"column":80}},"30":{"start":{"line":31,"column":0},"end":{"line":31,"column":1}}},"s":{"1":0,"7":0,"9":0,"10":0,"11":0,"12":0,"13":0,"14":0,"15":0,"16":0,"17":0,"18":0,"19":0,"21":0,"22":0,"23":0,"25":0,"27":0,"28":0,"30":0},"branchMap":{"0":{"type":"branch","line":1,"loc":{"start":{"line":1,"column":863},"end":{"line":31,"column":1}},"locations":[{"start":{"line":1,"column":863},"end":{"line":31,"column":1}}]}},"b":{"0":[1]},"fnMap":{"0":{"name":"(empty-report)","decl":{"start":{"line":1,"column":863},"end":{"line":31,"column":1}},"loc":{"start":{"line":1,"column":863},"end":{"line":31,"column":1}},"line":1}},"f":{"0":1}}
,"D:\\dev\\New-Projects\\FE_UI_Test\\src\\components\\Modal\\Modal.tsx": {"path":"D:\\dev\\New-Projects\\FE_UI_Test\\src\\components\\Modal\\Modal.tsx","all":true,"statementMap":{"0":{"start":{"line":1,"column":0},"end":{"line":1,"column":50}},"1":{"start":{"line":2,"column":0},"end":{"line":2,"column":40}},"8":{"start":{"line":9,"column":0},"end":{"line":9,"column":61}},"11":{"start":{"line":12,"column":0},"end":{"line":12,"column":21}},"13":{"start":{"line":14,"column":0},"end":{"line":14,"column":61}},"14":{"start":{"line":15,"column":0},"end":{"line":15,"column":41}},"15":{"start":{"line":16,"column":0},"end":{"line":16,"column":26}},"16":{"start":{"line":17,"column":0},"end":{"line":17,"column":13}},"17":{"start":{"line":18,"column":0},"end":{"line":18,"column":9}},"19":{"start":{"line":20,"column":0},"end":{"line":20,"column":64}},"21":{"start":{"line":22,"column":0},"end":{"line":22,"column":22}},"22":{"start":{"line":23,"column":0},"end":{"line":23,"column":71}},"23":{"start":{"line":24,"column":0},"end":{"line":24,"column":9}},"25":{"start":{"line":26,"column":0},"end":{"line":26,"column":17}},"27":{"start":{"line":28,"column":0},"end":{"line":28,"column":12}},"28":{"start":{"line":29,"column":0},"end":{"line":29,"column":45}},"29":{"start":{"line":30,"column":0},"end":{"line":30,"column":72}},"30":{"start":{"line":31,"column":0},"end":{"line":31,"column":82}},"31":{"start":{"line":32,"column":0},"end":{"line":32,"column":26}},"32":{"start":{"line":33,"column":0},"end":{"line":33,"column":21}},"33":{"start":{"line":34,"column":0},"end":{"line":34,"column":14}},"35":{"start":{"line":36,"column":0},"end":{"line":36,"column":1}}},"s":{"0":0,"1":0,"8":0,"11":0,"13":0,"14":0,"15":0,"16":0,"17":0,"19":0,"21":0,"22":0,"23":0,"25":0,"27":0,"28":0,"29":0,"30":0,"31":0,"32":0,"33":0,"35":0},"branchMap":{"0":{"type":"branch","line":1,"loc":{"start":{"line":1,"column":963},"end":{"line":36,"column":1}},"locations":[{"start":{"line":1,"column":963},"end":{"line":36,"column":1}}]}},"b":{"0":[0]},"fnMap":{"0":{"name":"(empty-report)","decl":{"start":{"line":1,"column":963},"end":{"line":36,"column":1}},"loc":{"start":{"line":1,"column":963},"end":{"line":36,"column":1}},"line":1}},"f":{"0":0}}
,"D:\\dev\\New-Projects\\FE_UI_Test\\src\\utils\\data.ts": {"path":"D:\\dev\\New-Projects\\FE_UI_Test\\src\\utils\\data.ts","all":true,"statementMap":{"2":{"start":{"line":3,"column":0},"end":{"line":3,"column":37}},"3":{"start":{"line":4,"column":0},"end":{"line":4,"column":5}},"4":{"start":{"line":5,"column":0},"end":{"line":5,"column":23}},"5":{"start":{"line":6,"column":0},"end":{"line":6,"column":22}},"6":{"start":{"line":7,"column":0},"end":{"line":7,"column":69}},"7":{"start":{"line":8,"column":0},"end":{"line":8,"column":25}},"8":{"start":{"line":9,"column":0},"end":{"line":9,"column":6}},"9":{"start":{"line":10,"column":0},"end":{"line":10,"column":5}},"10":{"start":{"line":11,"column":0},"end":{"line":11,"column":24}},"11":{"start":{"line":12,"column":0},"end":{"line":12,"column":22}},"12":{"start":{"line":13,"column":0},"end":{"line":13,"column":70}},"13":{"start":{"line":14,"column":0},"end":{"line":14,"column":25}},"14":{"start":{"line":15,"column":0},"end":{"line":15,"column":6}},"15":{"start":{"line":16,"column":0},"end":{"line":16,"column":5}},"16":{"start":{"line":17,"column":0},"end":{"line":17,"column":26}},"17":{"start":{"line":18,"column":0},"end":{"line":18,"column":22}},"18":{"start":{"line":19,"column":0},"end":{"line":19,"column":72}},"19":{"start":{"line":20,"column":0},"end":{"line":20,"column":25}},"20":{"start":{"line":21,"column":0},"end":{"line":21,"column":6}},"21":{"start":{"line":22,"column":0},"end":{"line":22,"column":5}},"22":{"start":{"line":23,"column":0},"end":{"line":23,"column":24}},"23":{"start":{"line":24,"column":0},"end":{"line":24,"column":22}},"24":{"start":{"line":25,"column":0},"end":{"line":25,"column":70}},"25":{"start":{"line":26,"column":0},"end":{"line":26,"column":25}},"26":{"start":{"line":27,"column":0},"end":{"line":27,"column":6}},"27":{"start":{"line":28,"column":0},"end":{"line":28,"column":5}},"28":{"start":{"line":29,"column":0},"end":{"line":29,"column":28}},"29":{"start":{"line":30,"column":0},"end":{"line":30,"column":22}},"30":{"start":{"line":31,"column":0},"end":{"line":31,"column":74}},"31":{"start":{"line":32,"column":0},"end":{"line":32,"column":25}},"32":{"start":{"line":33,"column":0},"end":{"line":33,"column":6}},"33":{"start":{"line":34,"column":0},"end":{"line":34,"column":5}},"34":{"start":{"line":35,"column":0},"end":{"line":35,"column":12}},"35":{"start":{"line":36,"column":0},"end":{"line":36,"column":22}},"36":{"start":{"line":37,"column":0},"end":{"line":37,"column":21}},"37":{"start":{"line":38,"column":0},"end":{"line":38,"column":55}},"38":{"start":{"line":39,"column":0},"end":{"line":39,"column":25}},"39":{"start":{"line":40,"column":0},"end":{"line":40,"column":5}},"40":{"start":{"line":41,"column":0},"end":{"line":41,"column":3}}},"s":{"2":0,"3":0,"4":0,"5":0,"6":0,"7":0,"8":0,"9":0,"10":0,"11":0,"12":0,"13":0,"14":0,"15":0,"16":0,"17":0,"18":0,"19":0,"20":0,"21":0,"22":0,"23":0,"24":0,"25":0,"26":0,"27":0,"28":0,"29":0,"30":0,"31":0,"32":0,"33":0,"34":0,"35":0,"36":0,"37":0,"38":0,"39":0,"40":0},"branchMap":{"0":{"type":"branch","line":1,"loc":{"start":{"line":1,"column":1075},"end":{"line":41,"column":3}},"locations":[{"start":{"line":1,"column":1075},"end":{"line":41,"column":3}}]}},"b":{"0":[1]},"fnMap":{"0":{"name":"(empty-report)","decl":{"start":{"line":1,"column":1075},"end":{"line":41,"column":3}},"loc":{"start":{"line":1,"column":1075},"end":{"line":41,"column":3}},"line":1}},"f":{"0":1}}
,"D:\\dev\\New-Projects\\FE_UI_Test\\src\\utils\\types.ts": {"path":"D:\\dev\\New-Projects\\FE_UI_Test\\src\\utils\\types.ts","all":true,"statementMap":{},"s":{},"branchMap":{"0":{"type":"branch","line":1,"loc":{"start":{"line":1,"column":603},"end":{"line":23,"column":62}},"locations":[{"start":{"line":1,"column":603},"end":{"line":23,"column":62}}]}},"b":{"0":[1]},"fnMap":{"0":{"name":"(empty-report)","decl":{"start":{"line":1,"column":603},"end":{"line":23,"column":62}},"loc":{"start":{"line":1,"column":603},"end":{"line":23,"column":62}},"line":1}},"f":{"0":1}}
}
